2022-04-03T02:39:46+00:00 CRITICAL Uncaught TypeError: method_exists(): Argument #1 ($object_or_class) must be of type object|string, null given in C:\xampp\htdocs\demo\wp-content\plugins\wp-pagebuilder\classes\Ajax.php:276
Stack trace:
#0 C:\xampp\htdocs\demo\wp-content\plugins\wp-pagebuilder\classes\Ajax.php(276): method_exists(NULL, 'render')
#1 C:\xampp\htdocs\demo\wp-includes\class-wp-hook.php(307): WPPB_Ajax->wppb_render_addon('')
#2 C:\xampp\htdocs\demo\wp-includes\class-wp-hook.php(331): WP_Hook->apply_filters('', Array)
#3 C:\xampp\htdocs\demo\wp-includes\plugin.php(474): WP_Hook->do_action(Array)
#4 C:\xampp\htdocs\demo\wp-admin\admin-ajax.php(187): do_action('wp_ajax_wppb_re...')
#5 {main}
  thrown in C:\xampp\htdocs\demo\wp-content\plugins\wp-pagebuilder\classes\Ajax.php on line 276

2022-04-03T02:39:47+00:00 CRITICAL Uncaught TypeError: method_exists(): Argument #1 ($object_or_class) must be of type object|string, null given in C:\xampp\htdocs\demo\wp-content\plugins\wp-pagebuilder\classes\Ajax.php:276
Stack trace:
#0 C:\xampp\htdocs\demo\wp-content\plugins\wp-pagebuilder\classes\Ajax.php(276): method_exists(NULL, 'render')
#1 C:\xampp\htdocs\demo\wp-includes\class-wp-hook.php(307): WPPB_Ajax->wppb_render_addon('')
#2 C:\xampp\htdocs\demo\wp-includes\class-wp-hook.php(331): WP_Hook->apply_filters('', Array)
#3 C:\xampp\htdocs\demo\wp-includes\plugin.php(474): WP_Hook->do_action(Array)
#4 C:\xampp\htdocs\demo\wp-admin\admin-ajax.php(187): do_action('wp_ajax_wppb_re...')
#5 {main}
  thrown in C:\xampp\htdocs\demo\wp-content\plugins\wp-pagebuilder\classes\Ajax.php on line 276

2022-04-03T02:40:36+00:00 CRITICAL Uncaught TypeError: method_exists(): Argument #1 ($object_or_class) must be of type object|string, null given in C:\xampp\htdocs\demo\wp-content\plugins\wp-pagebuilder\classes\Layout_Generator.php:199
Stack trace:
#0 C:\xampp\htdocs\demo\wp-content\plugins\wp-pagebuilder\classes\Layout_Generator.php(199): method_exists(NULL, 'render')
#1 C:\xampp\htdocs\demo\wp-content\plugins\wp-pagebuilder\classes\Layout_Generator.php(11): WPPB_Layout_Generator->generate_layout(Array)
#2 C:\xampp\htdocs\demo\wp-content\plugins\wp-pagebuilder\classes\Frontend.php(249): WPPB_Layout_Generator->generate(Array)
#3 C:\xampp\htdocs\demo\wp-includes\class-wp-hook.php(307): WPPB_Frontend->filter_content_with_pagebuilder('')
#4 C:\xampp\htdocs\demo\wp-includes\plugin.php(189): WP_Hook->apply_filters('', Array)
#5 C:\xampp\htdocs\demo\wp-includes\formatting.php(3865): apply_filters('the_content', '')
#6 C:\xampp\htdocs\demo\wp-includes\class-wp-hook.php(307): wp_trim_excerpt('', Object(WP_Post))
#7 C:\xampp\htdocs\demo\wp-includes\plugin.php(189): WP_Hook->apply_filters('', Array)
#8 C:\xampp\htdocs\demo\wp-includes\post-template.php(429): apply_filters('get_the_excerpt', '', Object(WP_Post))
#9 C:\xampp\htdocs\demo\wp-content\plugins\wordpress-seo\src\helpers\post-helper.php(72): get_the_excerpt(Object(WP_Post))
#10 C:\xampp\htdocs\demo\wp-content\plugins\wordpress-seo\src\presentations\indexable-post-type-presentation.php(196): Yoast\WP\SEO\Helpers\Post_Helper->get_the_excerpt(40)
#11 C:\xampp\htdocs\demo\wp-content\plugins\wordpress-seo\src\presentations\abstract-presentation.php(64): Yoast\WP\SEO\Presentations\Indexable_Post_Type_Presentation->generate_open_graph_description()
#12 C:\xampp\htdocs\demo\wp-content\plugins\wordpress-seo\src\presenters\open-graph\description-presenter.php(40): Yoast\WP\SEO\Presentations\Abstract_Presentation->__get('open_graph_desc...')
#13 C:\xampp\htdocs\demo\wp-content\plugins\wordpress-seo\src\presenters\abstract-indexable-tag-presenter.php(37): Yoast\WP\SEO\Presenters\Open_Graph\Description_Presenter->get()
#14 C:\xampp\htdocs\demo\wp-content\plugins\wordpress-seo\src\integrations\front-end-integration.php(324): Yoast\WP\SEO\Presenters\Abstract_Indexable_Tag_Presenter->present()
#15 C:\xampp\htdocs\demo\wp-includes\class-wp-hook.php(307): Yoast\WP\SEO\Integrations\Front_End_Integration->present_head('')
#16 C:\xampp\htdocs\demo\wp-includes\class-wp-hook.php(331): WP_Hook->apply_filters('', Array)
#17 C:\xampp\htdocs\demo\wp-includes\plugin.php(474): WP_Hook->do_action(Array)
#18 C:\xampp\htdocs\demo\wp-content\plugins\wordpress-seo\src\integrations\front-end-integration.php(298): do_action('wpseo_head')
#19 C:\xampp\htdocs\demo\wp-includes\class-wp-hook.php(307): Yoast\WP\SEO\Integrations\Front_End_Integration->call_wpseo_head('')
#20 C:\xampp\htdocs\demo\wp-includes\class-wp-hook.php(331): WP_Hook->apply_filters(NULL, Array)
#21 C:\xampp\htdocs\demo\wp-includes\plugin.php(474): WP_Hook->do_action(Array)
#22 C:\xampp\htdocs\demo\wp-includes\general-template.php(3042): do_action('wp_head')
#23 C:\xampp\htdocs\demo\wp-content\themes\flatsome\header.php(10): wp_head()
#24 C:\xampp\htdocs\demo\wp-includes\template.php(770): require_once('C:\\xampp\\htdocs...')
#25 C:\xampp\htdocs\demo\wp-includes\template.php(716): load_template('C:\\xampp\\htdocs...', true, Array)
#26 C:\xampp\htdocs\demo\wp-includes\general-template.php(48): locate_template(Array, true, true, Array)
#27 C:\xampp\htdocs\demo\wp-content\themes\flatsome\page.php(17): get_header()
#28 C:\xampp\htdocs\demo\wp-includes\template-loader.php(106): include('C:\\xampp\\htdocs...')
#29 C:\xampp\htdocs\demo\wp-blog-header.php(19): require_once('C:\\xampp\\htdocs...')
#30 C:\xampp\htdocs\demo\index.php(17): require('C:\\xampp\\htdocs...')
#31 {main}
  thrown in C:\xampp\htdocs\demo\wp-content\plugins\wp-pagebuilder\classes\Layout_Generator.php on line 199

2022-04-03T02:40:50+00:00 CRITICAL Uncaught TypeError: method_exists(): Argument #1 ($object_or_class) must be of type object|string, null given in C:\xampp\htdocs\demo\wp-content\plugins\wp-pagebuilder\classes\Layout_Generator.php:199
Stack trace:
#0 C:\xampp\htdocs\demo\wp-content\plugins\wp-pagebuilder\classes\Layout_Generator.php(199): method_exists(NULL, 'render')
#1 C:\xampp\htdocs\demo\wp-content\plugins\wp-pagebuilder\classes\Layout_Generator.php(11): WPPB_Layout_Generator->generate_layout(Array)
#2 C:\xampp\htdocs\demo\wp-content\plugins\wp-pagebuilder\classes\Frontend.php(249): WPPB_Layout_Generator->generate(Array)
#3 C:\xampp\htdocs\demo\wp-includes\class-wp-hook.php(307): WPPB_Frontend->filter_content_with_pagebuilder('')
#4 C:\xampp\htdocs\demo\wp-includes\plugin.php(189): WP_Hook->apply_filters('', Array)
#5 C:\xampp\htdocs\demo\wp-includes\formatting.php(3865): apply_filters('the_content', '')
#6 C:\xampp\htdocs\demo\wp-includes\class-wp-hook.php(307): wp_trim_excerpt('', Object(WP_Post))
#7 C:\xampp\htdocs\demo\wp-includes\plugin.php(189): WP_Hook->apply_filters('', Array)
#8 C:\xampp\htdocs\demo\wp-includes\post-template.php(429): apply_filters('get_the_excerpt', '', Object(WP_Post))
#9 C:\xampp\htdocs\demo\wp-content\plugins\wordpress-seo\src\helpers\post-helper.php(72): get_the_excerpt(Object(WP_Post))
#10 C:\xampp\htdocs\demo\wp-content\plugins\wordpress-seo\src\presentations\indexable-post-type-presentation.php(196): Yoast\WP\SEO\Helpers\Post_Helper->get_the_excerpt(40)
#11 C:\xampp\htdocs\demo\wp-content\plugins\wordpress-seo\src\presentations\abstract-presentation.php(64): Yoast\WP\SEO\Presentations\Indexable_Post_Type_Presentation->generate_open_graph_description()
#12 C:\xampp\htdocs\demo\wp-content\plugins\wordpress-seo\src\presenters\open-graph\description-presenter.php(40): Yoast\WP\SEO\Presentations\Abstract_Presentation->__get('open_graph_desc...')
#13 C:\xampp\htdocs\demo\wp-content\plugins\wordpress-seo\src\presenters\abstract-indexable-tag-presenter.php(37): Yoast\WP\SEO\Presenters\Open_Graph\Description_Presenter->get()
#14 C:\xampp\htdocs\demo\wp-content\plugins\wordpress-seo\src\integrations\front-end-integration.php(324): Yoast\WP\SEO\Presenters\Abstract_Indexable_Tag_Presenter->present()
#15 C:\xampp\htdocs\demo\wp-includes\class-wp-hook.php(307): Yoast\WP\SEO\Integrations\Front_End_Integration->present_head('')
#16 C:\xampp\htdocs\demo\wp-includes\class-wp-hook.php(331): WP_Hook->apply_filters('', Array)
#17 C:\xampp\htdocs\demo\wp-includes\plugin.php(474): WP_Hook->do_action(Array)
#18 C:\xampp\htdocs\demo\wp-content\plugins\wordpress-seo\src\integrations\front-end-integration.php(298): do_action('wpseo_head')
#19 C:\xampp\htdocs\demo\wp-includes\class-wp-hook.php(307): Yoast\WP\SEO\Integrations\Front_End_Integration->call_wpseo_head('')
#20 C:\xampp\htdocs\demo\wp-includes\class-wp-hook.php(331): WP_Hook->apply_filters(NULL, Array)
#21 C:\xampp\htdocs\demo\wp-includes\plugin.php(474): WP_Hook->do_action(Array)
#22 C:\xampp\htdocs\demo\wp-includes\general-template.php(3042): do_action('wp_head')
#23 C:\xampp\htdocs\demo\wp-content\themes\flatsome\header.php(10): wp_head()
#24 C:\xampp\htdocs\demo\wp-includes\template.php(770): require_once('C:\\xampp\\htdocs...')
#25 C:\xampp\htdocs\demo\wp-includes\template.php(716): load_template('C:\\xampp\\htdocs...', true, Array)
#26 C:\xampp\htdocs\demo\wp-includes\general-template.php(48): locate_template(Array, true, true, Array)
#27 C:\xampp\htdocs\demo\wp-content\themes\flatsome\page.php(17): get_header()
#28 C:\xampp\htdocs\demo\wp-includes\template-loader.php(106): include('C:\\xampp\\htdocs...')
#29 C:\xampp\htdocs\demo\wp-blog-header.php(19): require_once('C:\\xampp\\htdocs...')
#30 C:\xampp\htdocs\demo\index.php(17): require('C:\\xampp\\htdocs...')
#31 {main}
  thrown in C:\xampp\htdocs\demo\wp-content\plugins\wp-pagebuilder\classes\Layout_Generator.php on line 199

2022-04-03T02:41:07+00:00 CRITICAL Uncaught TypeError: method_exists(): Argument #1 ($object_or_class) must be of type object|string, null given in C:\xampp\htdocs\demo\wp-content\plugins\wp-pagebuilder\classes\Ajax.php:276
Stack trace:
#0 C:\xampp\htdocs\demo\wp-content\plugins\wp-pagebuilder\classes\Ajax.php(276): method_exists(NULL, 'render')
#1 C:\xampp\htdocs\demo\wp-includes\class-wp-hook.php(307): WPPB_Ajax->wppb_render_addon('')
#2 C:\xampp\htdocs\demo\wp-includes\class-wp-hook.php(331): WP_Hook->apply_filters('', Array)
#3 C:\xampp\htdocs\demo\wp-includes\plugin.php(474): WP_Hook->do_action(Array)
#4 C:\xampp\htdocs\demo\wp-admin\admin-ajax.php(187): do_action('wp_ajax_wppb_re...')
#5 {main}
  thrown in C:\xampp\htdocs\demo\wp-content\plugins\wp-pagebuilder\classes\Ajax.php on line 276

2022-04-03T02:41:08+00:00 CRITICAL Uncaught TypeError: method_exists(): Argument #1 ($object_or_class) must be of type object|string, null given in C:\xampp\htdocs\demo\wp-content\plugins\wp-pagebuilder\classes\Ajax.php:276
Stack trace:
#0 C:\xampp\htdocs\demo\wp-content\plugins\wp-pagebuilder\classes\Ajax.php(276): method_exists(NULL, 'render')
#1 C:\xampp\htdocs\demo\wp-includes\class-wp-hook.php(307): WPPB_Ajax->wppb_render_addon('')
#2 C:\xampp\htdocs\demo\wp-includes\class-wp-hook.php(331): WP_Hook->apply_filters('', Array)
#3 C:\xampp\htdocs\demo\wp-includes\plugin.php(474): WP_Hook->do_action(Array)
#4 C:\xampp\htdocs\demo\wp-admin\admin-ajax.php(187): do_action('wp_ajax_wppb_re...')
#5 {main}
  thrown in C:\xampp\htdocs\demo\wp-content\plugins\wp-pagebuilder\classes\Ajax.php on line 276

2022-04-03T02:41:15+00:00 CRITICAL Uncaught TypeError: method_exists(): Argument #1 ($object_or_class) must be of type object|string, null given in C:\xampp\htdocs\demo\wp-content\plugins\wp-pagebuilder\classes\Layout_Generator.php:199
Stack trace:
#0 C:\xampp\htdocs\demo\wp-content\plugins\wp-pagebuilder\classes\Layout_Generator.php(199): method_exists(NULL, 'render')
#1 C:\xampp\htdocs\demo\wp-content\plugins\wp-pagebuilder\classes\Layout_Generator.php(11): WPPB_Layout_Generator->generate_layout(Array)
#2 C:\xampp\htdocs\demo\wp-content\plugins\wp-pagebuilder\classes\Frontend.php(249): WPPB_Layout_Generator->generate(Array)
#3 C:\xampp\htdocs\demo\wp-includes\class-wp-hook.php(307): WPPB_Frontend->filter_content_with_pagebuilder('')
#4 C:\xampp\htdocs\demo\wp-includes\plugin.php(189): WP_Hook->apply_filters('', Array)
#5 C:\xampp\htdocs\demo\wp-includes\formatting.php(3865): apply_filters('the_content', '')
#6 C:\xampp\htdocs\demo\wp-includes\class-wp-hook.php(307): wp_trim_excerpt('', Object(WP_Post))
#7 C:\xampp\htdocs\demo\wp-includes\plugin.php(189): WP_Hook->apply_filters('', Array)
#8 C:\xampp\htdocs\demo\wp-includes\post-template.php(429): apply_filters('get_the_excerpt', '', Object(WP_Post))
#9 C:\xampp\htdocs\demo\wp-content\plugins\wordpress-seo\src\helpers\post-helper.php(72): get_the_excerpt(Object(WP_Post))
#10 C:\xampp\htdocs\demo\wp-content\plugins\wordpress-seo\src\presentations\indexable-post-type-presentation.php(196): Yoast\WP\SEO\Helpers\Post_Helper->get_the_excerpt(40)
#11 C:\xampp\htdocs\demo\wp-content\plugins\wordpress-seo\src\presentations\abstract-presentation.php(64): Yoast\WP\SEO\Presentations\Indexable_Post_Type_Presentation->generate_open_graph_description()
#12 C:\xampp\htdocs\demo\wp-content\plugins\wordpress-seo\src\presenters\open-graph\description-presenter.php(40): Yoast\WP\SEO\Presentations\Abstract_Presentation->__get('open_graph_desc...')
#13 C:\xampp\htdocs\demo\wp-content\plugins\wordpress-seo\src\presenters\abstract-indexable-tag-presenter.php(37): Yoast\WP\SEO\Presenters\Open_Graph\Description_Presenter->get()
#14 C:\xampp\htdocs\demo\wp-content\plugins\wordpress-seo\src\integrations\front-end-integration.php(324): Yoast\WP\SEO\Presenters\Abstract_Indexable_Tag_Presenter->present()
#15 C:\xampp\htdocs\demo\wp-includes\class-wp-hook.php(307): Yoast\WP\SEO\Integrations\Front_End_Integration->present_head('')
#16 C:\xampp\htdocs\demo\wp-includes\class-wp-hook.php(331): WP_Hook->apply_filters('', Array)
#17 C:\xampp\htdocs\demo\wp-includes\plugin.php(474): WP_Hook->do_action(Array)
#18 C:\xampp\htdocs\demo\wp-content\plugins\wordpress-seo\src\integrations\front-end-integration.php(298): do_action('wpseo_head')
#19 C:\xampp\htdocs\demo\wp-includes\class-wp-hook.php(307): Yoast\WP\SEO\Integrations\Front_End_Integration->call_wpseo_head('')
#20 C:\xampp\htdocs\demo\wp-includes\class-wp-hook.php(331): WP_Hook->apply_filters(NULL, Array)
#21 C:\xampp\htdocs\demo\wp-includes\plugin.php(474): WP_Hook->do_action(Array)
#22 C:\xampp\htdocs\demo\wp-includes\general-template.php(3042): do_action('wp_head')
#23 C:\xampp\htdocs\demo\wp-content\themes\flatsome\header.php(10): wp_head()
#24 C:\xampp\htdocs\demo\wp-includes\template.php(770): require_once('C:\\xampp\\htdocs...')
#25 C:\xampp\htdocs\demo\wp-includes\template.php(716): load_template('C:\\xampp\\htdocs...', true, Array)
#26 C:\xampp\htdocs\demo\wp-includes\general-template.php(48): locate_template(Array, true, true, Array)
#27 C:\xampp\htdocs\demo\wp-content\themes\flatsome\page.php(17): get_header()
#28 C:\xampp\htdocs\demo\wp-includes\template-loader.php(106): include('C:\\xampp\\htdocs...')
#29 C:\xampp\htdocs\demo\wp-blog-header.php(19): require_once('C:\\xampp\\htdocs...')
#30 C:\xampp\htdocs\demo\index.php(17): require('C:\\xampp\\htdocs...')
#31 {main}
  thrown in C:\xampp\htdocs\demo\wp-content\plugins\wp-pagebuilder\classes\Layout_Generator.php on line 199

2022-04-03T02:41:17+00:00 CRITICAL Uncaught TypeError: method_exists(): Argument #1 ($object_or_class) must be of type object|string, null given in C:\xampp\htdocs\demo\wp-content\plugins\wp-pagebuilder\classes\Layout_Generator.php:199
Stack trace:
#0 C:\xampp\htdocs\demo\wp-content\plugins\wp-pagebuilder\classes\Layout_Generator.php(199): method_exists(NULL, 'render')
#1 C:\xampp\htdocs\demo\wp-content\plugins\wp-pagebuilder\classes\Layout_Generator.php(11): WPPB_Layout_Generator->generate_layout(Array)
#2 C:\xampp\htdocs\demo\wp-content\plugins\wp-pagebuilder\classes\Frontend.php(249): WPPB_Layout_Generator->generate(Array)
#3 C:\xampp\htdocs\demo\wp-includes\class-wp-hook.php(307): WPPB_Frontend->filter_content_with_pagebuilder('')
#4 C:\xampp\htdocs\demo\wp-includes\plugin.php(189): WP_Hook->apply_filters('', Array)
#5 C:\xampp\htdocs\demo\wp-includes\formatting.php(3865): apply_filters('the_content', '')
#6 C:\xampp\htdocs\demo\wp-includes\class-wp-hook.php(307): wp_trim_excerpt('', Object(WP_Post))
#7 C:\xampp\htdocs\demo\wp-includes\plugin.php(189): WP_Hook->apply_filters('', Array)
#8 C:\xampp\htdocs\demo\wp-includes\post-template.php(429): apply_filters('get_the_excerpt', '', Object(WP_Post))
#9 C:\xampp\htdocs\demo\wp-content\plugins\wordpress-seo\src\helpers\post-helper.php(72): get_the_excerpt(Object(WP_Post))
#10 C:\xampp\htdocs\demo\wp-content\plugins\wordpress-seo\src\presentations\indexable-post-type-presentation.php(196): Yoast\WP\SEO\Helpers\Post_Helper->get_the_excerpt(40)
#11 C:\xampp\htdocs\demo\wp-content\plugins\wordpress-seo\src\presentations\abstract-presentation.php(64): Yoast\WP\SEO\Presentations\Indexable_Post_Type_Presentation->generate_open_graph_description()
#12 C:\xampp\htdocs\demo\wp-content\plugins\wordpress-seo\src\presenters\open-graph\description-presenter.php(40): Yoast\WP\SEO\Presentations\Abstract_Presentation->__get('open_graph_desc...')
#13 C:\xampp\htdocs\demo\wp-content\plugins\wordpress-seo\src\presenters\abstract-indexable-tag-presenter.php(37): Yoast\WP\SEO\Presenters\Open_Graph\Description_Presenter->get()
#14 C:\xampp\htdocs\demo\wp-content\plugins\wordpress-seo\src\integrations\front-end-integration.php(324): Yoast\WP\SEO\Presenters\Abstract_Indexable_Tag_Presenter->present()
#15 C:\xampp\htdocs\demo\wp-includes\class-wp-hook.php(307): Yoast\WP\SEO\Integrations\Front_End_Integration->present_head('')
#16 C:\xampp\htdocs\demo\wp-includes\class-wp-hook.php(331): WP_Hook->apply_filters('', Array)
#17 C:\xampp\htdocs\demo\wp-includes\plugin.php(474): WP_Hook->do_action(Array)
#18 C:\xampp\htdocs\demo\wp-content\plugins\wordpress-seo\src\integrations\front-end-integration.php(298): do_action('wpseo_head')
#19 C:\xampp\htdocs\demo\wp-includes\class-wp-hook.php(307): Yoast\WP\SEO\Integrations\Front_End_Integration->call_wpseo_head('')
#20 C:\xampp\htdocs\demo\wp-includes\class-wp-hook.php(331): WP_Hook->apply_filters(NULL, Array)
#21 C:\xampp\htdocs\demo\wp-includes\plugin.php(474): WP_Hook->do_action(Array)
#22 C:\xampp\htdocs\demo\wp-includes\general-template.php(3042): do_action('wp_head')
#23 C:\xampp\htdocs\demo\wp-content\themes\flatsome\header.php(10): wp_head()
#24 C:\xampp\htdocs\demo\wp-includes\template.php(770): require_once('C:\\xampp\\htdocs...')
#25 C:\xampp\htdocs\demo\wp-includes\template.php(716): load_template('C:\\xampp\\htdocs...', true, Array)
#26 C:\xampp\htdocs\demo\wp-includes\general-template.php(48): locate_template(Array, true, true, Array)
#27 C:\xampp\htdocs\demo\wp-content\themes\flatsome\page.php(17): get_header()
#28 C:\xampp\htdocs\demo\wp-includes\template-loader.php(106): include('C:\\xampp\\htdocs...')
#29 C:\xampp\htdocs\demo\wp-blog-header.php(19): require_once('C:\\xampp\\htdocs...')
#30 C:\xampp\htdocs\demo\index.php(17): require('C:\\xampp\\htdocs...')
#31 {main}
  thrown in C:\xampp\htdocs\demo\wp-content\plugins\wp-pagebuilder\classes\Layout_Generator.php on line 199

2022-04-03T02:41:25+00:00 CRITICAL Uncaught TypeError: method_exists(): Argument #1 ($object_or_class) must be of type object|string, null given in C:\xampp\htdocs\demo\wp-content\plugins\wp-pagebuilder\classes\Layout_Generator.php:199
Stack trace:
#0 C:\xampp\htdocs\demo\wp-content\plugins\wp-pagebuilder\classes\Layout_Generator.php(199): method_exists(NULL, 'render')
#1 C:\xampp\htdocs\demo\wp-content\plugins\wp-pagebuilder\classes\Layout_Generator.php(11): WPPB_Layout_Generator->generate_layout(Array)
#2 C:\xampp\htdocs\demo\wp-content\plugins\wp-pagebuilder\classes\Frontend.php(249): WPPB_Layout_Generator->generate(Array)
#3 C:\xampp\htdocs\demo\wp-includes\class-wp-hook.php(307): WPPB_Frontend->filter_content_with_pagebuilder('')
#4 C:\xampp\htdocs\demo\wp-includes\plugin.php(189): WP_Hook->apply_filters('', Array)
#5 C:\xampp\htdocs\demo\wp-includes\formatting.php(3865): apply_filters('the_content', '')
#6 C:\xampp\htdocs\demo\wp-includes\class-wp-hook.php(307): wp_trim_excerpt('', Object(WP_Post))
#7 C:\xampp\htdocs\demo\wp-includes\plugin.php(189): WP_Hook->apply_filters('', Array)
#8 C:\xampp\htdocs\demo\wp-includes\post-template.php(429): apply_filters('get_the_excerpt', '', Object(WP_Post))
#9 C:\xampp\htdocs\demo\wp-content\plugins\wordpress-seo\src\helpers\post-helper.php(72): get_the_excerpt(Object(WP_Post))
#10 C:\xampp\htdocs\demo\wp-content\plugins\wordpress-seo\src\presentations\indexable-post-type-presentation.php(196): Yoast\WP\SEO\Helpers\Post_Helper->get_the_excerpt(40)
#11 C:\xampp\htdocs\demo\wp-content\plugins\wordpress-seo\src\presentations\abstract-presentation.php(64): Yoast\WP\SEO\Presentations\Indexable_Post_Type_Presentation->generate_open_graph_description()
#12 C:\xampp\htdocs\demo\wp-content\plugins\wordpress-seo\src\presenters\open-graph\description-presenter.php(40): Yoast\WP\SEO\Presentations\Abstract_Presentation->__get('open_graph_desc...')
#13 C:\xampp\htdocs\demo\wp-content\plugins\wordpress-seo\src\presenters\abstract-indexable-tag-presenter.php(37): Yoast\WP\SEO\Presenters\Open_Graph\Description_Presenter->get()
#14 C:\xampp\htdocs\demo\wp-content\plugins\wordpress-seo\src\integrations\front-end-integration.php(324): Yoast\WP\SEO\Presenters\Abstract_Indexable_Tag_Presenter->present()
#15 C:\xampp\htdocs\demo\wp-includes\class-wp-hook.php(307): Yoast\WP\SEO\Integrations\Front_End_Integration->present_head('')
#16 C:\xampp\htdocs\demo\wp-includes\class-wp-hook.php(331): WP_Hook->apply_filters('', Array)
#17 C:\xampp\htdocs\demo\wp-includes\plugin.php(474): WP_Hook->do_action(Array)
#18 C:\xampp\htdocs\demo\wp-content\plugins\wordpress-seo\src\integrations\front-end-integration.php(298): do_action('wpseo_head')
#19 C:\xampp\htdocs\demo\wp-includes\class-wp-hook.php(307): Yoast\WP\SEO\Integrations\Front_End_Integration->call_wpseo_head('')
#20 C:\xampp\htdocs\demo\wp-includes\class-wp-hook.php(331): WP_Hook->apply_filters(NULL, Array)
#21 C:\xampp\htdocs\demo\wp-includes\plugin.php(474): WP_Hook->do_action(Array)
#22 C:\xampp\htdocs\demo\wp-includes\general-template.php(3042): do_action('wp_head')
#23 C:\xampp\htdocs\demo\wp-content\themes\flatsome\header.php(10): wp_head()
#24 C:\xampp\htdocs\demo\wp-includes\template.php(770): require_once('C:\\xampp\\htdocs...')
#25 C:\xampp\htdocs\demo\wp-includes\template.php(716): load_template('C:\\xampp\\htdocs...', true, Array)
#26 C:\xampp\htdocs\demo\wp-includes\general-template.php(48): locate_template(Array, true, true, Array)
#27 C:\xampp\htdocs\demo\wp-content\themes\flatsome\page.php(17): get_header()
#28 C:\xampp\htdocs\demo\wp-includes\template-loader.php(106): include('C:\\xampp\\htdocs...')
#29 C:\xampp\htdocs\demo\wp-blog-header.php(19): require_once('C:\\xampp\\htdocs...')
#30 C:\xampp\htdocs\demo\index.php(17): require('C:\\xampp\\htdocs...')
#31 {main}
  thrown in C:\xampp\htdocs\demo\wp-content\plugins\wp-pagebuilder\classes\Layout_Generator.php on line 199

2022-04-03T02:41:25+00:00 CRITICAL Uncaught TypeError: method_exists(): Argument #1 ($object_or_class) must be of type object|string, null given in C:\xampp\htdocs\demo\wp-content\plugins\wp-pagebuilder\classes\Layout_Generator.php:199
Stack trace:
#0 C:\xampp\htdocs\demo\wp-content\plugins\wp-pagebuilder\classes\Layout_Generator.php(199): method_exists(NULL, 'render')
#1 C:\xampp\htdocs\demo\wp-content\plugins\wp-pagebuilder\classes\Layout_Generator.php(11): WPPB_Layout_Generator->generate_layout(Array)
#2 C:\xampp\htdocs\demo\wp-content\plugins\wp-pagebuilder\classes\Frontend.php(249): WPPB_Layout_Generator->generate(Array)
#3 C:\xampp\htdocs\demo\wp-includes\class-wp-hook.php(307): WPPB_Frontend->filter_content_with_pagebuilder('')
#4 C:\xampp\htdocs\demo\wp-includes\plugin.php(189): WP_Hook->apply_filters('', Array)
#5 C:\xampp\htdocs\demo\wp-includes\formatting.php(3865): apply_filters('the_content', '')
#6 C:\xampp\htdocs\demo\wp-includes\class-wp-hook.php(307): wp_trim_excerpt('', Object(WP_Post))
#7 C:\xampp\htdocs\demo\wp-includes\plugin.php(189): WP_Hook->apply_filters('', Array)
#8 C:\xampp\htdocs\demo\wp-includes\post-template.php(429): apply_filters('get_the_excerpt', '', Object(WP_Post))
#9 C:\xampp\htdocs\demo\wp-content\plugins\wordpress-seo\src\helpers\post-helper.php(72): get_the_excerpt(Object(WP_Post))
#10 C:\xampp\htdocs\demo\wp-content\plugins\wordpress-seo\src\presentations\indexable-post-type-presentation.php(196): Yoast\WP\SEO\Helpers\Post_Helper->get_the_excerpt(40)
#11 C:\xampp\htdocs\demo\wp-content\plugins\wordpress-seo\src\presentations\abstract-presentation.php(64): Yoast\WP\SEO\Presentations\Indexable_Post_Type_Presentation->generate_open_graph_description()
#12 C:\xampp\htdocs\demo\wp-content\plugins\wordpress-seo\src\presenters\open-graph\description-presenter.php(40): Yoast\WP\SEO\Presentations\Abstract_Presentation->__get('open_graph_desc...')
#13 C:\xampp\htdocs\demo\wp-content\plugins\wordpress-seo\src\presenters\abstract-indexable-tag-presenter.php(37): Yoast\WP\SEO\Presenters\Open_Graph\Description_Presenter->get()
#14 C:\xampp\htdocs\demo\wp-content\plugins\wordpress-seo\src\integrations\front-end-integration.php(324): Yoast\WP\SEO\Presenters\Abstract_Indexable_Tag_Presenter->present()
#15 C:\xampp\htdocs\demo\wp-includes\class-wp-hook.php(307): Yoast\WP\SEO\Integrations\Front_End_Integration->present_head('')
#16 C:\xampp\htdocs\demo\wp-includes\class-wp-hook.php(331): WP_Hook->apply_filters('', Array)
#17 C:\xampp\htdocs\demo\wp-includes\plugin.php(474): WP_Hook->do_action(Array)
#18 C:\xampp\htdocs\demo\wp-content\plugins\wordpress-seo\src\integrations\front-end-integration.php(298): do_action('wpseo_head')
#19 C:\xampp\htdocs\demo\wp-includes\class-wp-hook.php(307): Yoast\WP\SEO\Integrations\Front_End_Integration->call_wpseo_head('')
#20 C:\xampp\htdocs\demo\wp-includes\class-wp-hook.php(331): WP_Hook->apply_filters(NULL, Array)
#21 C:\xampp\htdocs\demo\wp-includes\plugin.php(474): WP_Hook->do_action(Array)
#22 C:\xampp\htdocs\demo\wp-includes\general-template.php(3042): do_action('wp_head')
#23 C:\xampp\htdocs\demo\wp-content\themes\flatsome\header.php(10): wp_head()
#24 C:\xampp\htdocs\demo\wp-includes\template.php(770): require_once('C:\\xampp\\htdocs...')
#25 C:\xampp\htdocs\demo\wp-includes\template.php(716): load_template('C:\\xampp\\htdocs...', true, Array)
#26 C:\xampp\htdocs\demo\wp-includes\general-template.php(48): locate_template(Array, true, true, Array)
#27 C:\xampp\htdocs\demo\wp-content\themes\flatsome\page.php(17): get_header()
#28 C:\xampp\htdocs\demo\wp-includes\template-loader.php(106): include('C:\\xampp\\htdocs...')
#29 C:\xampp\htdocs\demo\wp-blog-header.php(19): require_once('C:\\xampp\\htdocs...')
#30 C:\xampp\htdocs\demo\index.php(17): require('C:\\xampp\\htdocs...')
#31 {main}
  thrown in C:\xampp\htdocs\demo\wp-content\plugins\wp-pagebuilder\classes\Layout_Generator.php on line 199

2022-04-03T02:42:18+00:00 CRITICAL Uncaught TypeError: method_exists(): Argument #1 ($object_or_class) must be of type object|string, null given in C:\xampp\htdocs\demo\wp-content\plugins\wp-pagebuilder\classes\Layout_Generator.php:199
Stack trace:
#0 C:\xampp\htdocs\demo\wp-content\plugins\wp-pagebuilder\classes\Layout_Generator.php(199): method_exists(NULL, 'render')
#1 C:\xampp\htdocs\demo\wp-content\plugins\wp-pagebuilder\classes\Layout_Generator.php(11): WPPB_Layout_Generator->generate_layout(Array)
#2 C:\xampp\htdocs\demo\wp-content\plugins\wp-pagebuilder\classes\Frontend.php(249): WPPB_Layout_Generator->generate(Array)
#3 C:\xampp\htdocs\demo\wp-includes\class-wp-hook.php(307): WPPB_Frontend->filter_content_with_pagebuilder('')
#4 C:\xampp\htdocs\demo\wp-includes\plugin.php(189): WP_Hook->apply_filters('', Array)
#5 C:\xampp\htdocs\demo\wp-includes\formatting.php(3865): apply_filters('the_content', '')
#6 C:\xampp\htdocs\demo\wp-includes\class-wp-hook.php(307): wp_trim_excerpt('', Object(WP_Post))
#7 C:\xampp\htdocs\demo\wp-includes\plugin.php(189): WP_Hook->apply_filters('', Array)
#8 C:\xampp\htdocs\demo\wp-includes\post-template.php(429): apply_filters('get_the_excerpt', '', Object(WP_Post))
#9 C:\xampp\htdocs\demo\wp-content\plugins\wordpress-seo\src\helpers\post-helper.php(72): get_the_excerpt(Object(WP_Post))
#10 C:\xampp\htdocs\demo\wp-content\plugins\wordpress-seo\src\presentations\indexable-post-type-presentation.php(196): Yoast\WP\SEO\Helpers\Post_Helper->get_the_excerpt(40)
#11 C:\xampp\htdocs\demo\wp-content\plugins\wordpress-seo\src\presentations\abstract-presentation.php(64): Yoast\WP\SEO\Presentations\Indexable_Post_Type_Presentation->generate_open_graph_description()
#12 C:\xampp\htdocs\demo\wp-content\plugins\wordpress-seo\src\presenters\open-graph\description-presenter.php(40): Yoast\WP\SEO\Presentations\Abstract_Presentation->__get('open_graph_desc...')
#13 C:\xampp\htdocs\demo\wp-content\plugins\wordpress-seo\src\presenters\abstract-indexable-tag-presenter.php(37): Yoast\WP\SEO\Presenters\Open_Graph\Description_Presenter->get()
#14 C:\xampp\htdocs\demo\wp-content\plugins\wordpress-seo\src\integrations\front-end-integration.php(324): Yoast\WP\SEO\Presenters\Abstract_Indexable_Tag_Presenter->present()
#15 C:\xampp\htdocs\demo\wp-includes\class-wp-hook.php(307): Yoast\WP\SEO\Integrations\Front_End_Integration->present_head('')
#16 C:\xampp\htdocs\demo\wp-includes\class-wp-hook.php(331): WP_Hook->apply_filters('', Array)
#17 C:\xampp\htdocs\demo\wp-includes\plugin.php(474): WP_Hook->do_action(Array)
#18 C:\xampp\htdocs\demo\wp-content\plugins\wordpress-seo\src\integrations\front-end-integration.php(298): do_action('wpseo_head')
#19 C:\xampp\htdocs\demo\wp-includes\class-wp-hook.php(307): Yoast\WP\SEO\Integrations\Front_End_Integration->call_wpseo_head('')
#20 C:\xampp\htdocs\demo\wp-includes\class-wp-hook.php(331): WP_Hook->apply_filters(NULL, Array)
#21 C:\xampp\htdocs\demo\wp-includes\plugin.php(474): WP_Hook->do_action(Array)
#22 C:\xampp\htdocs\demo\wp-includes\general-template.php(3042): do_action('wp_head')
#23 C:\xampp\htdocs\demo\wp-content\themes\flatsome\header.php(10): wp_head()
#24 C:\xampp\htdocs\demo\wp-includes\template.php(770): require_once('C:\\xampp\\htdocs...')
#25 C:\xampp\htdocs\demo\wp-includes\template.php(716): load_template('C:\\xampp\\htdocs...', true, Array)
#26 C:\xampp\htdocs\demo\wp-includes\general-template.php(48): locate_template(Array, true, true, Array)
#27 C:\xampp\htdocs\demo\wp-content\themes\flatsome\page.php(17): get_header()
#28 C:\xampp\htdocs\demo\wp-includes\template-loader.php(106): include('C:\\xampp\\htdocs...')
#29 C:\xampp\htdocs\demo\wp-blog-header.php(19): require_once('C:\\xampp\\htdocs...')
#30 C:\xampp\htdocs\demo\index.php(17): require('C:\\xampp\\htdocs...')
#31 {main}
  thrown in C:\xampp\htdocs\demo\wp-content\plugins\wp-pagebuilder\classes\Layout_Generator.php on line 199

2022-04-03T02:44:06+00:00 CRITICAL Uncaught TypeError: method_exists(): Argument #1 ($object_or_class) must be of type object|string, null given in C:\xampp\htdocs\demo\wp-content\plugins\wp-pagebuilder\classes\Layout_Generator.php:199
Stack trace:
#0 C:\xampp\htdocs\demo\wp-content\plugins\wp-pagebuilder\classes\Layout_Generator.php(199): method_exists(NULL, 'render')
#1 C:\xampp\htdocs\demo\wp-content\plugins\wp-pagebuilder\classes\Layout_Generator.php(11): WPPB_Layout_Generator->generate_layout(Array)
#2 C:\xampp\htdocs\demo\wp-content\plugins\wp-pagebuilder\classes\Frontend.php(249): WPPB_Layout_Generator->generate(Array)
#3 C:\xampp\htdocs\demo\wp-includes\class-wp-hook.php(307): WPPB_Frontend->filter_content_with_pagebuilder('')
#4 C:\xampp\htdocs\demo\wp-includes\plugin.php(189): WP_Hook->apply_filters('', Array)
#5 C:\xampp\htdocs\demo\wp-includes\formatting.php(3865): apply_filters('the_content', '')
#6 C:\xampp\htdocs\demo\wp-includes\class-wp-hook.php(307): wp_trim_excerpt('', Object(WP_Post))
#7 C:\xampp\htdocs\demo\wp-includes\plugin.php(189): WP_Hook->apply_filters('', Array)
#8 C:\xampp\htdocs\demo\wp-includes\post-template.php(429): apply_filters('get_the_excerpt', '', Object(WP_Post))
#9 C:\xampp\htdocs\demo\wp-content\plugins\wordpress-seo\src\helpers\post-helper.php(72): get_the_excerpt(Object(WP_Post))
#10 C:\xampp\htdocs\demo\wp-content\plugins\wordpress-seo\src\presentations\indexable-post-type-presentation.php(196): Yoast\WP\SEO\Helpers\Post_Helper->get_the_excerpt(40)
#11 C:\xampp\htdocs\demo\wp-content\plugins\wordpress-seo\src\presentations\abstract-presentation.php(64): Yoast\WP\SEO\Presentations\Indexable_Post_Type_Presentation->generate_open_graph_description()
#12 C:\xampp\htdocs\demo\wp-content\plugins\wordpress-seo\src\presenters\open-graph\description-presenter.php(40): Yoast\WP\SEO\Presentations\Abstract_Presentation->__get('open_graph_desc...')
#13 C:\xampp\htdocs\demo\wp-content\plugins\wordpress-seo\src\presenters\abstract-indexable-tag-presenter.php(37): Yoast\WP\SEO\Presenters\Open_Graph\Description_Presenter->get()
#14 C:\xampp\htdocs\demo\wp-content\plugins\wordpress-seo\src\integrations\front-end-integration.php(324): Yoast\WP\SEO\Presenters\Abstract_Indexable_Tag_Presenter->present()
#15 C:\xampp\htdocs\demo\wp-includes\class-wp-hook.php(307): Yoast\WP\SEO\Integrations\Front_End_Integration->present_head('')
#16 C:\xampp\htdocs\demo\wp-includes\class-wp-hook.php(331): WP_Hook->apply_filters('', Array)
#17 C:\xampp\htdocs\demo\wp-includes\plugin.php(474): WP_Hook->do_action(Array)
#18 C:\xampp\htdocs\demo\wp-content\plugins\wordpress-seo\src\integrations\front-end-integration.php(298): do_action('wpseo_head')
#19 C:\xampp\htdocs\demo\wp-includes\class-wp-hook.php(307): Yoast\WP\SEO\Integrations\Front_End_Integration->call_wpseo_head('')
#20 C:\xampp\htdocs\demo\wp-includes\class-wp-hook.php(331): WP_Hook->apply_filters(NULL, Array)
#21 C:\xampp\htdocs\demo\wp-includes\plugin.php(474): WP_Hook->do_action(Array)
#22 C:\xampp\htdocs\demo\wp-includes\general-template.php(3042): do_action('wp_head')
#23 C:\xampp\htdocs\demo\wp-content\themes\flatsome\header.php(10): wp_head()
#24 C:\xampp\htdocs\demo\wp-includes\template.php(770): require_once('C:\\xampp\\htdocs...')
#25 C:\xampp\htdocs\demo\wp-includes\template.php(716): load_template('C:\\xampp\\htdocs...', true, Array)
#26 C:\xampp\htdocs\demo\wp-includes\general-template.php(48): locate_template(Array, true, true, Array)
#27 C:\xampp\htdocs\demo\wp-content\themes\flatsome\page.php(17): get_header()
#28 C:\xampp\htdocs\demo\wp-includes\template-loader.php(106): include('C:\\xampp\\htdocs...')
#29 C:\xampp\htdocs\demo\wp-blog-header.php(19): require_once('C:\\xampp\\htdocs...')
#30 C:\xampp\htdocs\demo\index.php(17): require('C:\\xampp\\htdocs...')
#31 {main}
  thrown in C:\xampp\htdocs\demo\wp-content\plugins\wp-pagebuilder\classes\Layout_Generator.php on line 199

2022-04-03T02:44:15+00:00 CRITICAL Uncaught TypeError: method_exists(): Argument #1 ($object_or_class) must be of type object|string, null given in C:\xampp\htdocs\demo\wp-content\plugins\wp-pagebuilder\classes\Ajax.php:276
Stack trace:
#0 C:\xampp\htdocs\demo\wp-content\plugins\wp-pagebuilder\classes\Ajax.php(276): method_exists(NULL, 'render')
#1 C:\xampp\htdocs\demo\wp-includes\class-wp-hook.php(307): WPPB_Ajax->wppb_render_addon('')
#2 C:\xampp\htdocs\demo\wp-includes\class-wp-hook.php(331): WP_Hook->apply_filters('', Array)
#3 C:\xampp\htdocs\demo\wp-includes\plugin.php(474): WP_Hook->do_action(Array)
#4 C:\xampp\htdocs\demo\wp-admin\admin-ajax.php(187): do_action('wp_ajax_wppb_re...')
#5 {main}
  thrown in C:\xampp\htdocs\demo\wp-content\plugins\wp-pagebuilder\classes\Ajax.php on line 276

2022-04-03T02:44:17+00:00 CRITICAL Uncaught TypeError: method_exists(): Argument #1 ($object_or_class) must be of type object|string, null given in C:\xampp\htdocs\demo\wp-content\plugins\wp-pagebuilder\classes\Ajax.php:276
Stack trace:
#0 C:\xampp\htdocs\demo\wp-content\plugins\wp-pagebuilder\classes\Ajax.php(276): method_exists(NULL, 'render')
#1 C:\xampp\htdocs\demo\wp-includes\class-wp-hook.php(307): WPPB_Ajax->wppb_render_addon('')
#2 C:\xampp\htdocs\demo\wp-includes\class-wp-hook.php(331): WP_Hook->apply_filters('', Array)
#3 C:\xampp\htdocs\demo\wp-includes\plugin.php(474): WP_Hook->do_action(Array)
#4 C:\xampp\htdocs\demo\wp-admin\admin-ajax.php(187): do_action('wp_ajax_wppb_re...')
#5 {main}
  thrown in C:\xampp\htdocs\demo\wp-content\plugins\wp-pagebuilder\classes\Ajax.php on line 276

