[Sat Mar 26 07:43:04.262480 2022] [ssl:warn] [pid 3712:tid 576] AH01909: www.example.com:443:0 server certificate does NOT include an ID which matches the server name
[Sat Mar 26 07:43:04.334045 2022] [ssl:warn] [pid 3712:tid 576] AH01909: www.example.com:443:0 server certificate does NOT include an ID which matches the server name
[Sat Mar 26 07:43:04.387539 2022] [mpm_winnt:notice] [pid 3712:tid 576] AH00455: Apache/2.4.52 (Win64) OpenSSL/1.1.1m PHP/8.1.4 configured -- resuming normal operations
[Sat Mar 26 07:43:04.387539 2022] [mpm_winnt:notice] [pid 3712:tid 576] AH00456: Apache Lounge VS16 Server built: Dec 17 2021 10:17:38
[Sat Mar 26 07:43:04.387539 2022] [core:notice] [pid 3712:tid 576] AH00094: Command line: 'C:\\xampp\\apache\\bin\\httpd.exe -d C:/xampp/apache'
[Sat Mar 26 07:43:04.393538 2022] [mpm_winnt:notice] [pid 3712:tid 576] AH00418: Parent: Created child process 3168
[Sat Mar 26 07:43:05.355059 2022] [ssl:warn] [pid 3168:tid 568] AH01909: www.example.com:443:0 server certificate does NOT include an ID which matches the server name
[Sat Mar 26 07:43:05.422170 2022] [ssl:warn] [pid 3168:tid 568] AH01909: www.example.com:443:0 server certificate does NOT include an ID which matches the server name
[Sat Mar 26 07:43:05.471708 2022] [mpm_winnt:notice] [pid 3168:tid 568] AH00354: Child: Starting 150 worker threads.
[Sat Mar 26 15:38:17.176110 2022] [ssl:warn] [pid 5508:tid 588] AH01909: www.example.com:443:0 server certificate does NOT include an ID which matches the server name
[Sat Mar 26 15:38:17.215053 2022] [ssl:warn] [pid 5508:tid 588] AH01909: www.example.com:443:0 server certificate does NOT include an ID which matches the server name
[Sat Mar 26 15:38:17.343550 2022] [mpm_winnt:notice] [pid 5508:tid 588] AH00455: Apache/2.4.52 (Win64) OpenSSL/1.1.1m PHP/8.1.4 configured -- resuming normal operations
[Sat Mar 26 15:38:17.343550 2022] [mpm_winnt:notice] [pid 5508:tid 588] AH00456: Apache Lounge VS16 Server built: Dec 17 2021 10:17:38
[Sat Mar 26 15:38:17.343550 2022] [core:notice] [pid 5508:tid 588] AH00094: Command line: 'apache\\bin\\httpd.exe -d C:/xampp/apache'
[Sat Mar 26 15:38:17.345550 2022] [mpm_winnt:notice] [pid 5508:tid 588] AH00418: Parent: Created child process 6620
Apache server shutdown initiated...
sl:warn] [pid 6620:tid 588] AH01909: www.example.com:443:0 server certificate does NOT include an ID which matches the server name
[Sat Mar 26 15:38:17.892731 2022] [ssl:warn] [pid 6620:tid 588] AH01909: www.example.com:443:0 server certificate does NOT include an ID which matches the server name
[Sat Mar 26 15:38:17.935707 2022] [mpm_winnt:notice] [pid 6620:tid 588] AH00354: Child: Starting 150 worker threads.
[Sat Mar 26 15:38:28.223007 2022] [mpm_winnt:notice] [pid 5508:tid 588] AH00422: Parent: Received shutdown signal -- Shutting down the server.
[Sat Mar 26 15:38:30.248145 2022] [mpm_winnt:notice] [pid 6620:tid 588] AH00364: Child: All worker threads have exited.
[Sat Mar 26 15:38:30.270301 2022] [mpm_winnt:notice] [pid 5508:tid 588] AH00430: Parent: Child process 6620 exited successfully.
[Sat Mar 26 15:39:07.998687 2022] [ssl:warn] [pid 6544:tid 604] AH01909: www.example.com:443:0 server certificate does NOT include an ID which matches the server name
[Sat Mar 26 15:39:08.039689 2022] [ssl:warn] [pid 6544:tid 604] AH01909: www.example.com:443:0 server certificate does NOT include an ID which matches the server name
[Sat Mar 26 15:39:08.090405 2022] [mpm_winnt:notice] [pid 6544:tid 604] AH00455: Apache/2.4.52 (Win64) OpenSSL/1.1.1m PHP/8.1.4 configured -- resuming normal operations
[Sat Mar 26 15:39:08.091409 2022] [mpm_winnt:notice] [pid 6544:tid 604] AH00456: Apache Lounge VS16 Server built: Dec 17 2021 10:17:38
[Sat Mar 26 15:39:08.091409 2022] [core:notice] [pid 6544:tid 604] AH00094: Command line: 'c:\\xampp\\apache\\bin\\httpd.exe -d C:/xampp/apache'
[Sat Mar 26 15:39:08.094407 2022] [mpm_winnt:notice] [pid 6544:tid 604] AH00418: Parent: Created child process 6812
[Sat Mar 26 15:39:08.727493 2022] [ssl:warn] [pid 6812:tid 616] AH01909: www.example.com:443:0 server certificate does NOT include an ID which matches the server name
[Sat Mar 26 15:39:08.766386 2022] [ssl:warn] [pid 6812:tid 616] AH01909: www.example.com:443:0 server certificate does NOT include an ID which matches the server name
[Sat Mar 26 15:39:08.813339 2022] [mpm_winnt:notice] [pid 6812:tid 616] AH00354: Child: Starting 150 worker threads.
[Sat Mar 26 15:39:42.049358 2022] [ssl:warn] [pid 2960:tid 516] AH01909: www.example.com:443:0 server certificate does NOT include an ID which matches the server name
[Sat Mar 26 15:39:42.085230 2022] [core:warn] [pid 2960:tid 516] AH00098: pid file C:/xampp/apache/logs/httpd.pid overwritten -- Unclean shutdown of previous Apache run?
[Sat Mar 26 15:39:42.088250 2022] [ssl:warn] [pid 2960:tid 516] AH01909: www.example.com:443:0 server certificate does NOT include an ID which matches the server name
[Sat Mar 26 15:39:42.134227 2022] [mpm_winnt:notice] [pid 2960:tid 516] AH00455: Apache/2.4.52 (Win64) OpenSSL/1.1.1m PHP/8.1.4 configured -- resuming normal operations
[Sat Mar 26 15:39:42.134227 2022] [mpm_winnt:notice] [pid 2960:tid 516] AH00456: Apache Lounge VS16 Server built: Dec 17 2021 10:17:38
[Sat Mar 26 15:39:42.134227 2022] [core:notice] [pid 2960:tid 516] AH00094: Command line: 'c:\\xampp\\apache\\bin\\httpd.exe -d C:/xampp/apache'
[Sat Mar 26 15:39:42.138206 2022] [mpm_winnt:notice] [pid 2960:tid 516] AH00418: Parent: Created child process 3368
[Sat Mar 26 15:39:42.752526 2022] [ssl:warn] [pid 3368:tid 656] AH01909: www.example.com:443:0 server certificate does NOT include an ID which matches the server name
[Sat Mar 26 15:39:42.790483 2022] [ssl:warn] [pid 3368:tid 656] AH01909: www.example.com:443:0 server certificate does NOT include an ID which matches the server name
[Sat Mar 26 15:39:42.835838 2022] [mpm_winnt:notice] [pid 3368:tid 656] AH00354: Child: Starting 150 worker threads.
[Sat Mar 26 15:49:37.815437 2022] [php:notice] [pid 3368:tid 1896] [client ::1:65378] WordPress database error Unknown column 'wp_' in 'field list' for query SELECT wp_, referer: http://localhost:8888/main/wp-admin/setup-config.php?step=1
[Sat Mar 26 19:04:01.721781 2022] [ssl:warn] [pid 8632:tid 508] AH01909: www.example.com:443:0 server certificate does NOT include an ID which matches the server name
[Sat Mar 26 19:04:01.770651 2022] [core:warn] [pid 8632:tid 508] AH00098: pid file C:/xampp/apache/logs/httpd.pid overwritten -- Unclean shutdown of previous Apache run?
[Sat Mar 26 19:04:01.772653 2022] [ssl:warn] [pid 8632:tid 508] AH01909: www.example.com:443:0 server certificate does NOT include an ID which matches the server name
[Sat Mar 26 19:04:01.965585 2022] [mpm_winnt:notice] [pid 8632:tid 508] AH00455: Apache/2.4.52 (Win64) OpenSSL/1.1.1m PHP/8.1.4 configured -- resuming normal operations
[Sat Mar 26 19:04:01.965585 2022] [mpm_winnt:notice] [pid 8632:tid 508] AH00456: Apache Lounge VS16 Server built: Dec 17 2021 10:17:38
[Sat Mar 26 19:04:01.965585 2022] [core:notice] [pid 8632:tid 508] AH00094: Command line: 'c:\\xampp\\apache\\bin\\httpd.exe -d C:/xampp/apache'
[Sat Mar 26 19:04:01.966585 2022] [mpm_winnt:notice] [pid 8632:tid 508] AH00418: Parent: Created child process 8224
[Sat Mar 26 19:04:02.433084 2022] [ssl:warn] [pid 8224:tid 620] AH01909: www.example.com:443:0 server certificate does NOT include an ID which matches the server name
[Sat Mar 26 19:04:02.470018 2022] [ssl:warn] [pid 8224:tid 620] AH01909: www.example.com:443:0 server certificate does NOT include an ID which matches the server name
[Sat Mar 26 19:04:02.520987 2022] [mpm_winnt:notice] [pid 8224:tid 620] AH00354: Child: Starting 150 worker threads.
[Sun Mar 27 07:27:50.355260 2022] [ssl:warn] [pid 1844:tid 596] AH01909: www.example.com:443:0 server certificate does NOT include an ID which matches the server name
[Sun Mar 27 07:27:50.398707 2022] [core:warn] [pid 1844:tid 596] AH00098: pid file C:/xampp/apache/logs/httpd.pid overwritten -- Unclean shutdown of previous Apache run?
[Sun Mar 27 07:27:50.401711 2022] [ssl:warn] [pid 1844:tid 596] AH01909: www.example.com:443:0 server certificate does NOT include an ID which matches the server name
[Sun Mar 27 07:27:50.537028 2022] [mpm_winnt:notice] [pid 1844:tid 596] AH00455: Apache/2.4.52 (Win64) OpenSSL/1.1.1m PHP/8.1.4 configured -- resuming normal operations
[Sun Mar 27 07:27:50.537028 2022] [mpm_winnt:notice] [pid 1844:tid 596] AH00456: Apache Lounge VS16 Server built: Dec 17 2021 10:17:38
[Sun Mar 27 07:27:50.537028 2022] [core:notice] [pid 1844:tid 596] AH00094: Command line: 'c:\\xampp\\apache\\bin\\httpd.exe -d C:/xampp/apache'
[Sun Mar 27 07:27:50.538028 2022] [mpm_winnt:notice] [pid 1844:tid 596] AH00418: Parent: Created child process 8304
[Sun Mar 27 07:27:50.991020 2022] [ssl:warn] [pid 8304:tid 584] AH01909: www.example.com:443:0 server certificate does NOT include an ID which matches the server name
[Sun Mar 27 07:27:51.022068 2022] [ssl:warn] [pid 8304:tid 584] AH01909: www.example.com:443:0 server certificate does NOT include an ID which matches the server name
[Sun Mar 27 07:27:51.060557 2022] [mpm_winnt:notice] [pid 8304:tid 584] AH00354: Child: Starting 150 worker threads.
[Sun Mar 27 07:29:57.931171 2022] [php:warn] [pid 8304:tid 1844] [client ::1:64844] PHP Warning:  An unexpected error occurred. Something may be wrong with WordPress.org or this server&#8217;s configuration. If you continue to have problems, please try the <a href="https://wordpress.org/support/forums/">support forums</a>. (WordPress could not establish a secure connection to WordPress.org. Please contact your server administrator.) in C:\\xampp\\htdocs\\main\\wp-includes\\update.php on line 413, referer: http://localhost:8888/main/wp-admin/theme-install.php?browse=new
[Sun Mar 27 07:30:03.960166 2022] [php:warn] [pid 8304:tid 1844] [client ::1:64844] PHP Warning:  An unexpected error occurred. Something may be wrong with WordPress.org or this server&#8217;s configuration. If you continue to have problems, please try the <a href="https://wordpress.org/support/forums/">support forums</a>. (WordPress could not establish a secure connection to WordPress.org. Please contact your server administrator.) in C:\\xampp\\htdocs\\main\\wp-includes\\update.php on line 693, referer: http://localhost:8888/main/wp-admin/theme-install.php?browse=new
[Sun Mar 27 07:48:26.103822 2022] [php:warn] [pid 8304:tid 1888] [client ::1:54207] PHP Warning:  An unexpected error occurred. Something may be wrong with WordPress.org or this server&#8217;s configuration. If you continue to have problems, please try the <a href="https://wordpress.org/support/forums/">support forums</a>. (WordPress could not establish a secure connection to WordPress.org. Please contact your server administrator.) in C:\\xampp\\htdocs\\main\\wp-includes\\update.php on line 413, referer: http://localhost:8888/main/wp-admin/theme-install.php?browse=popular
[Sun Mar 27 07:48:32.132613 2022] [php:warn] [pid 8304:tid 1888] [client ::1:54207] PHP Warning:  An unexpected error occurred. Something may be wrong with WordPress.org or this server&#8217;s configuration. If you continue to have problems, please try the <a href="https://wordpress.org/support/forums/">support forums</a>. (WordPress could not establish a secure connection to WordPress.org. Please contact your server administrator.) in C:\\xampp\\htdocs\\main\\wp-includes\\update.php on line 693, referer: http://localhost:8888/main/wp-admin/theme-install.php?browse=popular
[Sun Mar 27 07:55:13.068260 2022] [php:warn] [pid 8304:tid 1852] [client ::1:54418] PHP Warning:  An unexpected error occurred. Something may be wrong with WordPress.org or this server&#8217;s configuration. If you continue to have problems, please try the <a href="https://wordpress.org/support/forums/">support forums</a>. (WordPress could not establish a secure connection to WordPress.org. Please contact your server administrator.) in C:\\xampp\\htdocs\\main\\wp-includes\\update.php on line 413, referer: http://localhost:8888/main/wp-admin/theme-install.php?browse=popular
[Sun Mar 27 08:01:18.455846 2022] [php:warn] [pid 8304:tid 1832] [client ::1:54614] PHP Warning:  Undefined array key "doctors_group" in C:\\xampp\\htdocs\\main\\wp-content\\themes\\medzone-lite\\template-parts\\frontpage\\doctors-section.php on line 35, referer: http://localhost:8888/main/?customize_changeset_uuid=80965713-4692-4982-a769-d737824822f5&customize_theme=medzone-lite&customize_messenger_channel=preview-2&customize_autosaved=on
[Sun Mar 27 08:01:18.456844 2022] [php:warn] [pid 8304:tid 1832] [client ::1:54614] PHP Warning:  Trying to access array offset on value of type null in C:\\xampp\\htdocs\\main\\wp-content\\themes\\medzone-lite\\template-parts\\frontpage\\doctors-section.php on line 35, referer: http://localhost:8888/main/?customize_changeset_uuid=80965713-4692-4982-a769-d737824822f5&customize_theme=medzone-lite&customize_messenger_channel=preview-2&customize_autosaved=on
[Sun Mar 27 08:01:18.456844 2022] [php:warn] [pid 8304:tid 1832] [client ::1:54614] PHP Warning:  Undefined array key "doctors_group" in C:\\xampp\\htdocs\\main\\wp-content\\themes\\medzone-lite\\template-parts\\frontpage\\doctors-section.php on line 35, referer: http://localhost:8888/main/?customize_changeset_uuid=80965713-4692-4982-a769-d737824822f5&customize_theme=medzone-lite&customize_messenger_channel=preview-2&customize_autosaved=on
[Sun Mar 27 08:01:18.456844 2022] [php:warn] [pid 8304:tid 1832] [client ::1:54614] PHP Warning:  Undefined array key "doctors_group" in C:\\xampp\\htdocs\\main\\wp-content\\themes\\medzone-lite\\template-parts\\frontpage\\doctors-section.php on line 35, referer: http://localhost:8888/main/?customize_changeset_uuid=80965713-4692-4982-a769-d737824822f5&customize_theme=medzone-lite&customize_messenger_channel=preview-2&customize_autosaved=on
[Sun Mar 27 08:01:18.456844 2022] [php:warn] [pid 8304:tid 1832] [client ::1:54614] PHP Warning:  Trying to access array offset on value of type null in C:\\xampp\\htdocs\\main\\wp-content\\themes\\medzone-lite\\template-parts\\frontpage\\doctors-section.php on line 35, referer: http://localhost:8888/main/?customize_changeset_uuid=80965713-4692-4982-a769-d737824822f5&customize_theme=medzone-lite&customize_messenger_channel=preview-2&customize_autosaved=on
[Sun Mar 27 08:01:18.456844 2022] [php:warn] [pid 8304:tid 1832] [client ::1:54614] PHP Warning:  Undefined array key "doctors_group" in C:\\xampp\\htdocs\\main\\wp-content\\themes\\medzone-lite\\template-parts\\frontpage\\doctors-section.php on line 35, referer: http://localhost:8888/main/?customize_changeset_uuid=80965713-4692-4982-a769-d737824822f5&customize_theme=medzone-lite&customize_messenger_channel=preview-2&customize_autosaved=on
[Sun Mar 27 08:01:18.457842 2022] [php:warn] [pid 8304:tid 1832] [client ::1:54614] PHP Warning:  Undefined array key "doctors_group" in C:\\xampp\\htdocs\\main\\wp-content\\themes\\medzone-lite\\template-parts\\frontpage\\doctors-section.php on line 35, referer: http://localhost:8888/main/?customize_changeset_uuid=80965713-4692-4982-a769-d737824822f5&customize_theme=medzone-lite&customize_messenger_channel=preview-2&customize_autosaved=on
[Sun Mar 27 08:01:18.457842 2022] [php:warn] [pid 8304:tid 1832] [client ::1:54614] PHP Warning:  Trying to access array offset on value of type null in C:\\xampp\\htdocs\\main\\wp-content\\themes\\medzone-lite\\template-parts\\frontpage\\doctors-section.php on line 35, referer: http://localhost:8888/main/?customize_changeset_uuid=80965713-4692-4982-a769-d737824822f5&customize_theme=medzone-lite&customize_messenger_channel=preview-2&customize_autosaved=on
[Sun Mar 27 08:01:18.457842 2022] [php:warn] [pid 8304:tid 1832] [client ::1:54614] PHP Warning:  Undefined array key "doctors_group" in C:\\xampp\\htdocs\\main\\wp-content\\themes\\medzone-lite\\template-parts\\frontpage\\doctors-section.php on line 35, referer: http://localhost:8888/main/?customize_changeset_uuid=80965713-4692-4982-a769-d737824822f5&customize_theme=medzone-lite&customize_messenger_channel=preview-2&customize_autosaved=on
[Sun Mar 27 08:01:18.457842 2022] [php:warn] [pid 8304:tid 1832] [client ::1:54614] PHP Warning:  Undefined array key "doctors_group" in C:\\xampp\\htdocs\\main\\wp-content\\themes\\medzone-lite\\template-parts\\frontpage\\doctors-section.php on line 35, referer: http://localhost:8888/main/?customize_changeset_uuid=80965713-4692-4982-a769-d737824822f5&customize_theme=medzone-lite&customize_messenger_channel=preview-2&customize_autosaved=on
[Sun Mar 27 08:01:18.457842 2022] [php:warn] [pid 8304:tid 1832] [client ::1:54614] PHP Warning:  Trying to access array offset on value of type null in C:\\xampp\\htdocs\\main\\wp-content\\themes\\medzone-lite\\template-parts\\frontpage\\doctors-section.php on line 35, referer: http://localhost:8888/main/?customize_changeset_uuid=80965713-4692-4982-a769-d737824822f5&customize_theme=medzone-lite&customize_messenger_channel=preview-2&customize_autosaved=on
[Sun Mar 27 08:01:18.457842 2022] [php:warn] [pid 8304:tid 1832] [client ::1:54614] PHP Warning:  Undefined array key "doctors_group" in C:\\xampp\\htdocs\\main\\wp-content\\themes\\medzone-lite\\template-parts\\frontpage\\doctors-section.php on line 35, referer: http://localhost:8888/main/?customize_changeset_uuid=80965713-4692-4982-a769-d737824822f5&customize_theme=medzone-lite&customize_messenger_channel=preview-2&customize_autosaved=on
[Sun Mar 27 08:01:22.127720 2022] [php:warn] [pid 8304:tid 1832] [client ::1:54614] PHP Warning:  Undefined array key "doctors_group" in C:\\xampp\\htdocs\\main\\wp-content\\themes\\medzone-lite\\template-parts\\frontpage\\doctors-section.php on line 35, referer: http://localhost:8888/main/?customize_changeset_uuid=80965713-4692-4982-a769-d737824822f5&customize_theme=medzone-lite&customize_messenger_channel=preview-2&customize_autosaved=on
[Sun Mar 27 08:01:22.127720 2022] [php:warn] [pid 8304:tid 1832] [client ::1:54614] PHP Warning:  Trying to access array offset on value of type null in C:\\xampp\\htdocs\\main\\wp-content\\themes\\medzone-lite\\template-parts\\frontpage\\doctors-section.php on line 35, referer: http://localhost:8888/main/?customize_changeset_uuid=80965713-4692-4982-a769-d737824822f5&customize_theme=medzone-lite&customize_messenger_channel=preview-2&customize_autosaved=on
[Sun Mar 27 08:01:22.127720 2022] [php:warn] [pid 8304:tid 1832] [client ::1:54614] PHP Warning:  Undefined array key "doctors_group" in C:\\xampp\\htdocs\\main\\wp-content\\themes\\medzone-lite\\template-parts\\frontpage\\doctors-section.php on line 35, referer: http://localhost:8888/main/?customize_changeset_uuid=80965713-4692-4982-a769-d737824822f5&customize_theme=medzone-lite&customize_messenger_channel=preview-2&customize_autosaved=on
[Sun Mar 27 08:01:22.128719 2022] [php:warn] [pid 8304:tid 1832] [client ::1:54614] PHP Warning:  Undefined array key "doctors_group" in C:\\xampp\\htdocs\\main\\wp-content\\themes\\medzone-lite\\template-parts\\frontpage\\doctors-section.php on line 35, referer: http://localhost:8888/main/?customize_changeset_uuid=80965713-4692-4982-a769-d737824822f5&customize_theme=medzone-lite&customize_messenger_channel=preview-2&customize_autosaved=on
[Sun Mar 27 08:01:22.128719 2022] [php:warn] [pid 8304:tid 1832] [client ::1:54614] PHP Warning:  Trying to access array offset on value of type null in C:\\xampp\\htdocs\\main\\wp-content\\themes\\medzone-lite\\template-parts\\frontpage\\doctors-section.php on line 35, referer: http://localhost:8888/main/?customize_changeset_uuid=80965713-4692-4982-a769-d737824822f5&customize_theme=medzone-lite&customize_messenger_channel=preview-2&customize_autosaved=on
[Sun Mar 27 08:01:22.128719 2022] [php:warn] [pid 8304:tid 1832] [client ::1:54614] PHP Warning:  Undefined array key "doctors_group" in C:\\xampp\\htdocs\\main\\wp-content\\themes\\medzone-lite\\template-parts\\frontpage\\doctors-section.php on line 35, referer: http://localhost:8888/main/?customize_changeset_uuid=80965713-4692-4982-a769-d737824822f5&customize_theme=medzone-lite&customize_messenger_channel=preview-2&customize_autosaved=on
[Sun Mar 27 08:01:22.129720 2022] [php:warn] [pid 8304:tid 1832] [client ::1:54614] PHP Warning:  Undefined array key "doctors_group" in C:\\xampp\\htdocs\\main\\wp-content\\themes\\medzone-lite\\template-parts\\frontpage\\doctors-section.php on line 35, referer: http://localhost:8888/main/?customize_changeset_uuid=80965713-4692-4982-a769-d737824822f5&customize_theme=medzone-lite&customize_messenger_channel=preview-2&customize_autosaved=on
[Sun Mar 27 08:01:22.129720 2022] [php:warn] [pid 8304:tid 1832] [client ::1:54614] PHP Warning:  Trying to access array offset on value of type null in C:\\xampp\\htdocs\\main\\wp-content\\themes\\medzone-lite\\template-parts\\frontpage\\doctors-section.php on line 35, referer: http://localhost:8888/main/?customize_changeset_uuid=80965713-4692-4982-a769-d737824822f5&customize_theme=medzone-lite&customize_messenger_channel=preview-2&customize_autosaved=on
[Sun Mar 27 08:01:22.129720 2022] [php:warn] [pid 8304:tid 1832] [client ::1:54614] PHP Warning:  Undefined array key "doctors_group" in C:\\xampp\\htdocs\\main\\wp-content\\themes\\medzone-lite\\template-parts\\frontpage\\doctors-section.php on line 35, referer: http://localhost:8888/main/?customize_changeset_uuid=80965713-4692-4982-a769-d737824822f5&customize_theme=medzone-lite&customize_messenger_channel=preview-2&customize_autosaved=on
[Sun Mar 27 08:01:22.129720 2022] [php:warn] [pid 8304:tid 1832] [client ::1:54614] PHP Warning:  Undefined array key "doctors_group" in C:\\xampp\\htdocs\\main\\wp-content\\themes\\medzone-lite\\template-parts\\frontpage\\doctors-section.php on line 35, referer: http://localhost:8888/main/?customize_changeset_uuid=80965713-4692-4982-a769-d737824822f5&customize_theme=medzone-lite&customize_messenger_channel=preview-2&customize_autosaved=on
[Sun Mar 27 08:01:22.130720 2022] [php:warn] [pid 8304:tid 1832] [client ::1:54614] PHP Warning:  Trying to access array offset on value of type null in C:\\xampp\\htdocs\\main\\wp-content\\themes\\medzone-lite\\template-parts\\frontpage\\doctors-section.php on line 35, referer: http://localhost:8888/main/?customize_changeset_uuid=80965713-4692-4982-a769-d737824822f5&customize_theme=medzone-lite&customize_messenger_channel=preview-2&customize_autosaved=on
[Sun Mar 27 08:01:22.130720 2022] [php:warn] [pid 8304:tid 1832] [client ::1:54614] PHP Warning:  Undefined array key "doctors_group" in C:\\xampp\\htdocs\\main\\wp-content\\themes\\medzone-lite\\template-parts\\frontpage\\doctors-section.php on line 35, referer: http://localhost:8888/main/?customize_changeset_uuid=80965713-4692-4982-a769-d737824822f5&customize_theme=medzone-lite&customize_messenger_channel=preview-2&customize_autosaved=on
[Sun Mar 27 08:08:56.533145 2022] [php:warn] [pid 8304:tid 1840] [client ::1:54852] PHP Warning:  An unexpected error occurred. Something may be wrong with WordPress.org or this server&#8217;s configuration. If you continue to have problems, please try the <a href="https://wordpress.org/support/forums/">support forums</a>. (WordPress could not establish a secure connection to WordPress.org. Please contact your server administrator.) in C:\\xampp\\htdocs\\main\\wp-includes\\update.php on line 413, referer: http://localhost:8888/main/wp-admin/theme-install.php?browse=popular
[Sun Mar 27 08:09:17.146544 2022] [php:warn] [pid 8304:tid 1840] [client ::1:54852] PHP Warning:  An unexpected error occurred. Something may be wrong with WordPress.org or this server&#8217;s configuration. If you continue to have problems, please try the <a href="https://wordpress.org/support/forums/">support forums</a>. (WordPress could not establish a secure connection to WordPress.org. Please contact your server administrator.) in C:\\xampp\\htdocs\\main\\wp-includes\\update.php on line 413, referer: http://localhost:8888/main/wp-admin/theme-install.php?browse=popular
[Sun Mar 27 08:09:30.339493 2022] [php:warn] [pid 8304:tid 1840] [client ::1:54852] PHP Warning:  An unexpected error occurred. Something may be wrong with WordPress.org or this server&#8217;s configuration. If you continue to have problems, please try the <a href="https://wordpress.org/support/forums/">support forums</a>. (WordPress could not establish a secure connection to WordPress.org. Please contact your server administrator.) in C:\\xampp\\htdocs\\main\\wp-includes\\update.php on line 413, referer: http://localhost:8888/main/wp-admin/update.php?action=upload-theme
[Sun Mar 27 09:06:41.217051 2022] [php:warn] [pid 8304:tid 1860] [client ::1:57253] PHP Warning:  An unexpected error occurred. Something may be wrong with WordPress.org or this server&#8217;s configuration. If you continue to have problems, please try the <a href="https://wordpress.org/support/forums/">support forums</a>. (WordPress could not establish a secure connection to WordPress.org. Please contact your server administrator.) in C:\\xampp\\htdocs\\main\\wp-includes\\update.php on line 413, referer: http://localhost:8888/main/wp-admin/theme-install.php?browse=popular
[Sun Mar 27 16:18:48.391555 2022] [ssl:warn] [pid 976:tid 556] AH01909: www.example.com:443:0 server certificate does NOT include an ID which matches the server name
[Sun Mar 27 16:18:48.469511 2022] [core:warn] [pid 976:tid 556] AH00098: pid file C:/xampp/apache/logs/httpd.pid overwritten -- Unclean shutdown of previous Apache run?
[Sun Mar 27 16:18:48.473508 2022] [ssl:warn] [pid 976:tid 556] AH01909: www.example.com:443:0 server certificate does NOT include an ID which matches the server name
[Sun Mar 27 16:18:48.712293 2022] [mpm_winnt:notice] [pid 976:tid 556] AH00455: Apache/2.4.52 (Win64) OpenSSL/1.1.1m PHP/8.1.4 configured -- resuming normal operations
[Sun Mar 27 16:18:48.712293 2022] [mpm_winnt:notice] [pid 976:tid 556] AH00456: Apache Lounge VS16 Server built: Dec 17 2021 10:17:38
[Sun Mar 27 16:18:48.712293 2022] [core:notice] [pid 976:tid 556] AH00094: Command line: 'c:\\xampp\\apache\\bin\\httpd.exe -d C:/xampp/apache'
[Sun Mar 27 16:18:48.715291 2022] [mpm_winnt:notice] [pid 976:tid 556] AH00418: Parent: Created child process 6116
[Sun Mar 27 16:18:49.449476 2022] [ssl:warn] [pid 6116:tid 640] AH01909: www.example.com:443:0 server certificate does NOT include an ID which matches the server name
[Sun Mar 27 16:18:49.501346 2022] [ssl:warn] [pid 6116:tid 640] AH01909: www.example.com:443:0 server certificate does NOT include an ID which matches the server name
[Sun Mar 27 16:18:49.564828 2022] [mpm_winnt:notice] [pid 6116:tid 640] AH00354: Child: Starting 150 worker threads.
[Sun Mar 27 16:43:13.314817 2022] [ssl:warn] [pid 1264:tid 576] AH01909: www.example.com:443:0 server certificate does NOT include an ID which matches the server name
[Sun Mar 27 16:43:13.367787 2022] [core:warn] [pid 1264:tid 576] AH00098: pid file C:/xampp/apache/logs/httpd.pid overwritten -- Unclean shutdown of previous Apache run?
[Sun Mar 27 16:43:13.371784 2022] [ssl:warn] [pid 1264:tid 576] AH01909: www.example.com:443:0 server certificate does NOT include an ID which matches the server name
[Sun Mar 27 16:43:13.531692 2022] [mpm_winnt:notice] [pid 1264:tid 576] AH00455: Apache/2.4.52 (Win64) OpenSSL/1.1.1m PHP/8.1.4 configured -- resuming normal operations
[Sun Mar 27 16:43:13.531692 2022] [mpm_winnt:notice] [pid 1264:tid 576] AH00456: Apache Lounge VS16 Server built: Dec 17 2021 10:17:38
[Sun Mar 27 16:43:13.531692 2022] [core:notice] [pid 1264:tid 576] AH00094: Command line: 'c:\\xampp\\apache\\bin\\httpd.exe -d C:/xampp/apache'
[Sun Mar 27 16:43:13.532693 2022] [mpm_winnt:notice] [pid 1264:tid 576] AH00418: Parent: Created child process 3500
[Sun Mar 27 16:43:14.246284 2022] [ssl:warn] [pid 3500:tid 596] AH01909: www.example.com:443:0 server certificate does NOT include an ID which matches the server name
[Sun Mar 27 16:43:14.301252 2022] [ssl:warn] [pid 3500:tid 596] AH01909: www.example.com:443:0 server certificate does NOT include an ID which matches the server name
[Sun Mar 27 16:43:14.372212 2022] [mpm_winnt:notice] [pid 3500:tid 596] AH00354: Child: Starting 150 worker threads.
[Sun Mar 27 16:43:27.760155 2022] [ssl:warn] [pid 1224:tid 584] AH01909: www.example.com:443:0 server certificate does NOT include an ID which matches the server name
[Sun Mar 27 16:43:27.807131 2022] [core:warn] [pid 1224:tid 584] AH00098: pid file C:/xampp/apache/logs/httpd.pid overwritten -- Unclean shutdown of previous Apache run?
[Sun Mar 27 16:43:27.811128 2022] [ssl:warn] [pid 1224:tid 584] AH01909: www.example.com:443:0 server certificate does NOT include an ID which matches the server name
[Sun Mar 27 16:43:27.860098 2022] [mpm_winnt:notice] [pid 1224:tid 584] AH00455: Apache/2.4.52 (Win64) OpenSSL/1.1.1m PHP/8.1.4 configured -- resuming normal operations
[Sun Mar 27 16:43:27.860098 2022] [mpm_winnt:notice] [pid 1224:tid 584] AH00456: Apache Lounge VS16 Server built: Dec 17 2021 10:17:38
[Sun Mar 27 16:43:27.861097 2022] [core:notice] [pid 1224:tid 584] AH00094: Command line: 'c:\\xampp\\apache\\bin\\httpd.exe -d C:/xampp/apache'
[Sun Mar 27 16:43:27.862097 2022] [mpm_winnt:notice] [pid 1224:tid 584] AH00418: Parent: Created child process 2200
[Sun Mar 27 16:43:28.467750 2022] [ssl:warn] [pid 2200:tid 592] AH01909: www.example.com:443:0 server certificate does NOT include an ID which matches the server name
[Sun Mar 27 16:43:28.506729 2022] [ssl:warn] [pid 2200:tid 592] AH01909: www.example.com:443:0 server certificate does NOT include an ID which matches the server name
[Sun Mar 27 16:43:28.559697 2022] [mpm_winnt:notice] [pid 2200:tid 592] AH00354: Child: Starting 150 worker threads.
[Sun Mar 27 17:23:07.942823 2022] [php:error] [pid 2200:tid 1860] [client ::1:50235] PHP Fatal error:  Uncaught ArgumentCountError: 3 arguments are required, 2 given in C:\\xampp\\htdocs\\main\\wp-admin\\includes\\class-bulk-upgrader-skin.php:156\nStack trace:\n#0 C:\\xampp\\htdocs\\main\\wp-admin\\includes\\class-bulk-upgrader-skin.php(156): sprintf('%1$s installed ...', 'YITH WooCommerc...')\n#1 C:\\xampp\\htdocs\\main\\wp-content\\themes\\flatsome\\inc\\classes\\class-tgm-plugin-activation.php(3638): Bulk_Upgrader_Skin->after('YITH WooCommerc...')\n#2 C:\\xampp\\htdocs\\main\\wp-admin\\includes\\class-wp-upgrader.php(824): TGMPA_Bulk_Installer_Skin->after()\n#3 C:\\xampp\\htdocs\\main\\wp-content\\themes\\flatsome\\inc\\classes\\class-tgm-plugin-activation.php(3258): WP_Upgrader->run(Array)\n#4 C:\\xampp\\htdocs\\main\\wp-content\\themes\\flatsome\\inc\\classes\\class-tgm-plugin-activation.php(3371): TGMPA_Bulk_Installer->run(Array)\n#5 C:\\xampp\\htdocs\\main\\wp-content\\themes\\flatsome\\inc\\classes\\class-tgm-plugin-activation.php(2977): TGMPA_Bulk_Installer->bulk_install(Array)\n#6 C:\\xampp\\htdocs\\main\\wp-content\\themes\\flatsome\\inc\\classes\\class-tgm-plugin-activation.php(743): TGMPA_List_Table->process_bulk_actions()\n#7 C:\\xampp\\htdocs\\main\\wp-includes\\class-wp-hook.php(307): TGM_Plugin_Activation->install_plugins_page('')\n#8 C:\\xampp\\htdocs\\main\\wp-includes\\class-wp-hook.php(331): WP_Hook->apply_filters('', Array)\n#9 C:\\xampp\\htdocs\\main\\wp-includes\\plugin.php(474): WP_Hook->do_action(Array)\n#10 C:\\xampp\\htdocs\\main\\wp-admin\\admin.php(259): do_action('appearance_page...')\n#11 C:\\xampp\\htdocs\\main\\wp-admin\\themes.php(10): require_once('C:\\\\xampp\\\\htdocs...')\n#12 {main}\n  thrown in C:\\xampp\\htdocs\\main\\wp-admin\\includes\\class-bulk-upgrader-skin.php on line 156, referer: http://localhost:8888/main/wp-admin/themes.php?page=tgmpa-install-plugins&plugin_status=install
[Sun Mar 27 17:24:11.406294 2022] [access_compat:error] [pid 2200:tid 1864] [client ::1:50311] AH01797: client denied by server configuration: C:/xampp/htdocs/main/wp-content/uploads/woocommerce_uploads/, referer: http://localhost:8888/main/wp-content/uploads/woocommerce_uploads/
[Mon Mar 28 22:04:49.520036 2022] [ssl:warn] [pid 5144:tid 532] AH01909: www.example.com:443:0 server certificate does NOT include an ID which matches the server name
[Mon Mar 28 22:04:49.560189 2022] [core:warn] [pid 5144:tid 532] AH00098: pid file C:/xampp/apache/logs/httpd.pid overwritten -- Unclean shutdown of previous Apache run?
[Mon Mar 28 22:04:49.560189 2022] [ssl:warn] [pid 5144:tid 532] AH01909: www.example.com:443:0 server certificate does NOT include an ID which matches the server name
[Mon Mar 28 22:04:49.714838 2022] [mpm_winnt:notice] [pid 5144:tid 532] AH00455: Apache/2.4.52 (Win64) OpenSSL/1.1.1m PHP/8.1.4 configured -- resuming normal operations
[Mon Mar 28 22:04:49.714838 2022] [mpm_winnt:notice] [pid 5144:tid 532] AH00456: Apache Lounge VS16 Server built: Dec 17 2021 10:17:38
[Mon Mar 28 22:04:49.714838 2022] [core:notice] [pid 5144:tid 532] AH00094: Command line: 'c:\\xampp\\apache\\bin\\httpd.exe -d C:/xampp/apache'
[Mon Mar 28 22:04:49.714838 2022] [mpm_winnt:notice] [pid 5144:tid 532] AH00418: Parent: Created child process 6876
[Mon Mar 28 22:04:50.120225 2022] [ssl:warn] [pid 6876:tid 588] AH01909: www.example.com:443:0 server certificate does NOT include an ID which matches the server name
[Mon Mar 28 22:04:50.150219 2022] [ssl:warn] [pid 6876:tid 588] AH01909: www.example.com:443:0 server certificate does NOT include an ID which matches the server name
[Mon Mar 28 22:04:50.190274 2022] [mpm_winnt:notice] [pid 6876:tid 588] AH00354: Child: Starting 150 worker threads.
[Tue Mar 29 20:29:39.541143 2022] [ssl:warn] [pid 9800:tid 612] AH01909: www.example.com:443:0 server certificate does NOT include an ID which matches the server name
[Tue Mar 29 20:29:39.600384 2022] [core:warn] [pid 9800:tid 612] AH00098: pid file C:/xampp/apache/logs/httpd.pid overwritten -- Unclean shutdown of previous Apache run?
[Tue Mar 29 20:29:39.605380 2022] [ssl:warn] [pid 9800:tid 612] AH01909: www.example.com:443:0 server certificate does NOT include an ID which matches the server name
[Tue Mar 29 20:29:39.787307 2022] [mpm_winnt:notice] [pid 9800:tid 612] AH00455: Apache/2.4.52 (Win64) OpenSSL/1.1.1m PHP/8.1.4 configured -- resuming normal operations
[Tue Mar 29 20:29:39.787307 2022] [mpm_winnt:notice] [pid 9800:tid 612] AH00456: Apache Lounge VS16 Server built: Dec 17 2021 10:17:38
[Tue Mar 29 20:29:39.787307 2022] [core:notice] [pid 9800:tid 612] AH00094: Command line: 'c:\\xampp\\apache\\bin\\httpd.exe -d C:/xampp/apache'
[Tue Mar 29 20:29:39.789306 2022] [mpm_winnt:notice] [pid 9800:tid 612] AH00418: Parent: Created child process 8140
[Tue Mar 29 20:29:40.273539 2022] [ssl:warn] [pid 8140:tid 584] AH01909: www.example.com:443:0 server certificate does NOT include an ID which matches the server name
[Tue Mar 29 20:29:40.306946 2022] [ssl:warn] [pid 8140:tid 584] AH01909: www.example.com:443:0 server certificate does NOT include an ID which matches the server name
[Tue Mar 29 20:29:40.353897 2022] [mpm_winnt:notice] [pid 8140:tid 584] AH00354: Child: Starting 150 worker threads.
[Wed Mar 30 21:44:35.006153 2022] [ssl:warn] [pid 4108:tid 500] AH01909: www.example.com:443:0 server certificate does NOT include an ID which matches the server name
[Wed Mar 30 21:44:35.050693 2022] [core:warn] [pid 4108:tid 500] AH00098: pid file C:/xampp/apache/logs/httpd.pid overwritten -- Unclean shutdown of previous Apache run?
[Wed Mar 30 21:44:35.053694 2022] [ssl:warn] [pid 4108:tid 500] AH01909: www.example.com:443:0 server certificate does NOT include an ID which matches the server name
[Wed Mar 30 21:44:35.209419 2022] [mpm_winnt:notice] [pid 4108:tid 500] AH00455: Apache/2.4.52 (Win64) OpenSSL/1.1.1m PHP/8.1.4 configured -- resuming normal operations
[Wed Mar 30 21:44:35.209419 2022] [mpm_winnt:notice] [pid 4108:tid 500] AH00456: Apache Lounge VS16 Server built: Dec 17 2021 10:17:38
[Wed Mar 30 21:44:35.209419 2022] [core:notice] [pid 4108:tid 500] AH00094: Command line: 'c:\\xampp\\apache\\bin\\httpd.exe -d C:/xampp/apache'
[Wed Mar 30 21:44:35.210418 2022] [mpm_winnt:notice] [pid 4108:tid 500] AH00418: Parent: Created child process 2936
[Wed Mar 30 21:44:35.604836 2022] [ssl:warn] [pid 2936:tid 600] AH01909: www.example.com:443:0 server certificate does NOT include an ID which matches the server name
[Wed Mar 30 21:44:35.635198 2022] [ssl:warn] [pid 2936:tid 600] AH01909: www.example.com:443:0 server certificate does NOT include an ID which matches the server name
[Wed Mar 30 21:44:35.677175 2022] [mpm_winnt:notice] [pid 2936:tid 600] AH00354: Child: Starting 150 worker threads.
[Thu Mar 31 21:16:54.061010 2022] [ssl:warn] [pid 5516:tid 584] AH01909: www.example.com:443:0 server certificate does NOT include an ID which matches the server name
[Thu Mar 31 21:16:54.096451 2022] [core:warn] [pid 5516:tid 584] AH00098: pid file C:/xampp/apache/logs/httpd.pid overwritten -- Unclean shutdown of previous Apache run?
[Thu Mar 31 21:16:54.099484 2022] [ssl:warn] [pid 5516:tid 584] AH01909: www.example.com:443:0 server certificate does NOT include an ID which matches the server name
[Thu Mar 31 21:16:54.247852 2022] [mpm_winnt:notice] [pid 5516:tid 584] AH00455: Apache/2.4.52 (Win64) OpenSSL/1.1.1m PHP/8.1.4 configured -- resuming normal operations
[Thu Mar 31 21:16:54.247852 2022] [mpm_winnt:notice] [pid 5516:tid 584] AH00456: Apache Lounge VS16 Server built: Dec 17 2021 10:17:38
[Thu Mar 31 21:16:54.247852 2022] [core:notice] [pid 5516:tid 584] AH00094: Command line: 'c:\\xampp\\apache\\bin\\httpd.exe -d C:/xampp/apache'
[Thu Mar 31 21:16:54.249850 2022] [mpm_winnt:notice] [pid 5516:tid 584] AH00418: Parent: Created child process 6468
[Thu Mar 31 21:16:54.662634 2022] [ssl:warn] [pid 6468:tid 600] AH01909: www.example.com:443:0 server certificate does NOT include an ID which matches the server name
[Thu Mar 31 21:16:54.696714 2022] [ssl:warn] [pid 6468:tid 600] AH01909: www.example.com:443:0 server certificate does NOT include an ID which matches the server name
[Thu Mar 31 21:16:54.737248 2022] [mpm_winnt:notice] [pid 6468:tid 600] AH00354: Child: Starting 150 worker threads.
[Fri Apr 01 20:45:30.495123 2022] [ssl:warn] [pid 8944:tid 500] AH01909: www.example.com:443:0 server certificate does NOT include an ID which matches the server name
[Fri Apr 01 20:45:30.545102 2022] [core:warn] [pid 8944:tid 500] AH00098: pid file C:/xampp/apache/logs/httpd.pid overwritten -- Unclean shutdown of previous Apache run?
[Fri Apr 01 20:45:30.549094 2022] [ssl:warn] [pid 8944:tid 500] AH01909: www.example.com:443:0 server certificate does NOT include an ID which matches the server name
[Fri Apr 01 20:45:30.732701 2022] [mpm_winnt:notice] [pid 8944:tid 500] AH00455: Apache/2.4.52 (Win64) OpenSSL/1.1.1m PHP/8.1.4 configured -- resuming normal operations
[Fri Apr 01 20:45:30.732701 2022] [mpm_winnt:notice] [pid 8944:tid 500] AH00456: Apache Lounge VS16 Server built: Dec 17 2021 10:17:38
[Fri Apr 01 20:45:30.732701 2022] [core:notice] [pid 8944:tid 500] AH00094: Command line: 'c:\\xampp\\apache\\bin\\httpd.exe -d C:/xampp/apache'
[Fri Apr 01 20:45:30.736697 2022] [mpm_winnt:notice] [pid 8944:tid 500] AH00418: Parent: Created child process 9548
[Fri Apr 01 20:45:31.399012 2022] [ssl:warn] [pid 9548:tid 592] AH01909: www.example.com:443:0 server certificate does NOT include an ID which matches the server name
[Fri Apr 01 20:45:31.444393 2022] [ssl:warn] [pid 9548:tid 592] AH01909: www.example.com:443:0 server certificate does NOT include an ID which matches the server name
[Fri Apr 01 20:45:31.508876 2022] [mpm_winnt:notice] [pid 9548:tid 592] AH00354: Child: Starting 150 worker threads.
[Fri Apr 01 21:00:24.773758 2022] [mpm_winnt:crit] [pid 9548:tid 592] AH02538: Child: Parent process exited abruptly. Child process is ending
